abstraction-rtos release-v1.7.4
aws-iot-device-sdk-port release-v2.3.0
cat1cm0p release-v1.2.0
clib-support release-v1.4.2
cmsis release-v5.8.0
connectivity-utilities release-v4.2.0
core-lib release-v1.4.1
core-make release-v3.2.2
cy-mbedtls-acceleration release-v1.5.0
freertos release-v10.5.0
lwip-freertos-integration release-v1.0.0
lwip-network-interface-integration release-v1.2.0
mtb-hal-cat1 release-v2.4.3
mtb-pdl-cat1 release-v3.7.0
recipe-make-cat1a release-v2.1.1
secure-sockets release-v3.3.0
whd-bsp-integration release-v2.2.1
wifi-connection-manager release-v3.2.0
wifi-host-driver release-v2.7.0
wpa3-external-supplicant release-v1.1.0
